<?xml version="1.0" encoding="UTF-8"?>
<testsuite xmlns:xsi="http://www.w3.org/2001/XMLSchema-instance" xsi:noNamespaceSchemaLocation="https://maven.apache.org/surefire/maven-surefire-plugin/xsd/surefire-test-report.xsd" name="com.mycompany.app.AppTest" time="0.278" tests="25" errors="0" skipped="0" failures="0">
  <properties>
    <property name="sun.desktop" value="windows"/>
    <property name="awt.toolkit" value="sun.awt.windows.WToolkit"/>
    <property name="file.encoding.pkg" value="sun.io"/>
    <property name="java.specification.version" value="1.8"/>
    <property name="sun.cpu.isalist" value="amd64"/>
    <property name="sun.jnu.encoding" value="MS950"/>
    <property name="java.class.path" value="C:\Users\Acer-01\Desktop\SE_hw4\my-app\target\test-classes;C:\Users\Acer-01\Desktop\SE_hw4\my-app\target\classes;C:\Users\Acer-01\.m2\repository\org\junit\jupiter\junit-jupiter-api\5.4.2\junit-jupiter-api-5.4.2.jar;C:\Users\Acer-01\.m2\repository\org\apiguardian\apiguardian-api\1.0.0\apiguardian-api-1.0.0.jar;C:\Users\Acer-01\.m2\repository\org\opentest4j\opentest4j\1.1.1\opentest4j-1.1.1.jar;C:\Users\Acer-01\.m2\repository\org\junit\platform\junit-platform-commons\1.4.2\junit-platform-commons-1.4.2.jar;C:\Users\Acer-01\.m2\repository\org\junit\jupiter\junit-jupiter-engine\5.4.2\junit-jupiter-engine-5.4.2.jar;C:\Users\Acer-01\.m2\repository\org\junit\platform\junit-platform-engine\1.4.2\junit-platform-engine-1.4.2.jar;C:\Users\Acer-01\.m2\repository\org\junit\jupiter\junit-jupiter-params\5.3.2\junit-jupiter-params-5.3.2.jar;"/>
    <property name="java.vm.vendor" value="Oracle Corporation"/>
    <property name="sun.arch.data.model" value="64"/>
    <property name="user.variant" value=""/>
    <property name="java.vendor.url" value="http://java.oracle.com/"/>
    <property name="user.timezone" value="Asia/Taipei"/>
    <property name="java.vm.specification.version" value="1.8"/>
    <property name="os.name" value="Windows 8.1"/>
    <property name="user.country" value="TW"/>
    <property name="sun.java.launcher" value="SUN_STANDARD"/>
    <property name="sun.boot.library.path" value="C:\Program Files\Java\jdk1.8.0_241\jre\bin"/>
    <property name="sun.java.command" value="C:\Users\Acer-01\AppData\Local\Temp\surefire3686768909774117034\surefirebooter9078226401895326902.jar C:\Users\Acer-01\AppData\Local\Temp\surefire3686768909774117034 2020-12-31T04-12-00_949-jvmRun1 surefire4838687223085589856tmp surefire_01438582156448544021tmp"/>
    <property name="surefire.test.class.path" value="C:\Users\Acer-01\Desktop\SE_hw4\my-app\target\test-classes;C:\Users\Acer-01\Desktop\SE_hw4\my-app\target\classes;C:\Users\Acer-01\.m2\repository\org\junit\jupiter\junit-jupiter-api\5.4.2\junit-jupiter-api-5.4.2.jar;C:\Users\Acer-01\.m2\repository\org\apiguardian\apiguardian-api\1.0.0\apiguardian-api-1.0.0.jar;C:\Users\Acer-01\.m2\repository\org\opentest4j\opentest4j\1.1.1\opentest4j-1.1.1.jar;C:\Users\Acer-01\.m2\repository\org\junit\platform\junit-platform-commons\1.4.2\junit-platform-commons-1.4.2.jar;C:\Users\Acer-01\.m2\repository\org\junit\jupiter\junit-jupiter-engine\5.4.2\junit-jupiter-engine-5.4.2.jar;C:\Users\Acer-01\.m2\repository\org\junit\platform\junit-platform-engine\1.4.2\junit-platform-engine-1.4.2.jar;C:\Users\Acer-01\.m2\repository\org\junit\jupiter\junit-jupiter-params\5.3.2\junit-jupiter-params-5.3.2.jar;"/>
    <property name="sun.cpu.endian" value="little"/>
    <property name="user.home" value="C:\Users\Acer-01"/>
    <property name="user.language" value="zh"/>
    <property name="java.specification.vendor" value="Oracle Corporation"/>
    <property name="java.home" value="C:\Program Files\Java\jdk1.8.0_241\jre"/>
    <property name="basedir" value="C:\Users\Acer-01\Desktop\SE_hw4\my-app"/>
    <property name="file.separator" value="\"/>
    <property name="line.separator" value="&#10;"/>
    <property name="java.vm.specification.vendor" value="Oracle Corporation"/>
    <property name="java.specification.name" value="Java Platform API Specification"/>
    <property name="java.awt.graphicsenv" value="sun.awt.Win32GraphicsEnvironment"/>
    <property name="surefire.real.class.path" value="C:\Users\Acer-01\AppData\Local\Temp\surefire3686768909774117034\surefirebooter9078226401895326902.jar"/>
    <property name="sun.boot.class.path" value="C:\Program Files\Java\jdk1.8.0_241\jre\lib\resources.jar;C:\Program Files\Java\jdk1.8.0_241\jre\lib\rt.jar;C:\Program Files\Java\jdk1.8.0_241\jre\lib\sunrsasign.jar;C:\Program Files\Java\jdk1.8.0_241\jre\lib\jsse.jar;C:\Program Files\Java\jdk1.8.0_241\jre\lib\jce.jar;C:\Program Files\Java\jdk1.8.0_241\jre\lib\charsets.jar;C:\Program Files\Java\jdk1.8.0_241\jre\lib\jfr.jar;C:\Program Files\Java\jdk1.8.0_241\jre\classes"/>
    <property name="user.script" value=""/>
    <property name="sun.management.compiler" value="HotSpot 64-Bit Tiered Compilers"/>
    <property name="java.runtime.version" value="1.8.0_241-b07"/>
    <property name="user.name" value="Acer-01"/>
    <property name="path.separator" value=";"/>
    <property name="os.version" value="6.3"/>
    <property name="java.endorsed.dirs" value="C:\Program Files\Java\jdk1.8.0_241\jre\lib\endorsed"/>
    <property name="java.runtime.name" value="Java(TM) SE Runtime Environment"/>
    <property name="file.encoding" value="MS950"/>
    <property name="java.vm.name" value="Java HotSpot(TM) 64-Bit Server VM"/>
    <property name="localRepository" value="C:\Users\Acer-01\.m2\repository"/>
    <property name="java.vendor.url.bug" value="http://bugreport.sun.com/bugreport/"/>
    <property name="java.io.tmpdir" value="C:\Users\Acer-01\AppData\Local\Temp\"/>
    <property name="java.version" value="1.8.0_241"/>
    <property name="user.dir" value="C:\Users\Acer-01\Desktop\SE_hw4\my-app"/>
    <property name="os.arch" value="amd64"/>
    <property name="java.vm.specification.name" value="Java Virtual Machine Specification"/>
    <property name="java.awt.printerjob" value="sun.awt.windows.WPrinterJob"/>
    <property name="sun.os.patch.level" value=""/>
    <property name="java.library.path" value="C:\Program Files\Java\jdk1.8.0_241\jre\bin;C:\WINDOWS\Sun\Java\bin;C:\WINDOWS\system32;C:\WINDOWS;C:\Program Files (x86)\Microsoft SDKs\Azure\CLI2\wbin;C:\Program Files (x86)\NVIDIA Corporation\PhysX\Common;C:\Program Files (x86)\Intel\iCLS Client\;C:\Program Files\Intel\iCLS Client\;C:\WINDOWS\system32;C:\WINDOWS;C:\WINDOWS\System32\Wbem;C:\WINDOWS\System32\WindowsPowerShell\v1.0\;C:\Program Files (x86)\Intel\OpenCL SDK\3.0\bin\x86;C:\Program Files (x86)\Intel\OpenCL SDK\3.0\bin\x64;C:\Program Files\Intel\Intel(R) Management Engine Components\DAL;C:\Program Files\Intel\Intel(R) Management Engine Components\IPT;C:\Program Files (x86)\Intel\Intel(R) Management Engine Components\DAL;C:\Program Files (x86)\Intel\Intel(R) Management Engine Components\IPT;C:\Program Files\Intel\WiFi\bin\;C:\Program Files\Common Files\Intel\WirelessCommon\;C:\Program Files\Condusiv Technologies\ExpressCache\;C:\Program Files\MATLAB\R2018a\runtime\win64;C:\Program Files\MATLAB\R2018a\bin;C:\Program Files\dotnet\;C:\Program Files\Microsoft SQL Server\130\Tools\Binn\;C:\Program Files\nodejs\;C:\Users\Acer-01\AppData\Roaming\npm;C:\Program Files\Java\jdk1.8.0_241\bin;C:\Development\liquibase-3.8.1-bin;C:\Users\Acer-01\AppData\Local\Programs\Python\Python36\Scripts;C:\Program Files\apache-maven-3.6.3\bin;C:\Program Files\PuTTY\;C:\Program Files\Git\cmd;C:\Users\Acer-01\AppData\Local\Programs\Python\Python36;C:\Program Files\MySQL\MySQL Shell 8.0\bin\;C:\Users\Acer-01\AppData\Local\Programs\Microsoft VS Code\bin;C:\Windows\System32;C:\Users\Acer-01\AppData\Local\GitHubDesktop\bin;C:\Development\liquibase-3.8.1-bin;."/>
    <property name="java.vm.info" value="mixed mode"/>
    <property name="java.vendor" value="Oracle Corporation"/>
    <property name="java.vm.version" value="25.241-b07"/>
    <property name="java.ext.dirs" value="C:\Program Files\Java\jdk1.8.0_241\jre\lib\ext;C:\WINDOWS\Sun\Java\lib\ext"/>
    <property name="sun.io.unicode.encoding" value="UnicodeLittle"/>
    <property name="java.class.version" value="52.0"/>
  </properties>
  <testcase name="test_grade_by_boundary_value_analysis{int, char}[1]" classname="com.mycompany.app.AppTest" time="0.066"/>
  <testcase name="test_grade_by_boundary_value_analysis{int, char}[2]" classname="com.mycompany.app.AppTest" time="0.003"/>
  <testcase name="test_grade_by_boundary_value_analysis{int, char}[3]" classname="com.mycompany.app.AppTest" time="0"/>
  <testcase name="test_grade_by_boundary_value_analysis{int, char}[4]" classname="com.mycompany.app.AppTest" time="0"/>
  <testcase name="test_grade_by_boundary_value_analysis{int, char}[5]" classname="com.mycompany.app.AppTest" time="0.004"/>
  <testcase name="test_grade_by_boundary_value_analysis{int, char}[6]" classname="com.mycompany.app.AppTest" time="0"/>
  <testcase name="test_grade_by_boundary_value_analysis{int, char}[7]" classname="com.mycompany.app.AppTest" time="0"/>
  <testcase name="test_grade_by_boundary_value_analysis{int, char}[8]" classname="com.mycompany.app.AppTest" time="0"/>
  <testcase name="test_grade_by_boundary_value_analysis{int, char}[9]" classname="com.mycompany.app.AppTest" time="0.002"/>
  <testcase name="test_grade_by_boundary_value_analysis{int, char}[10]" classname="com.mycompany.app.AppTest" time="0.002"/>
  <testcase name="test_grade_by_boundary_value_analysis{int, char}[11]" classname="com.mycompany.app.AppTest" time="0.001"/>
  <testcase name="test_grade_by_boundary_value_analysis{int, char}[12]" classname="com.mycompany.app.AppTest" time="0.003"/>
  <testcase name="test_grade_by_boundary_value_analysis{int, char}[13]" classname="com.mycompany.app.AppTest" time="0"/>
  <testcase name="test_grade_by_boundary_value_analysis{int, char}[14]" classname="com.mycompany.app.AppTest" time="0.003"/>
  <testcase name="test_grade_by_boundary_value_analysis{int, char}[15]" classname="com.mycompany.app.AppTest" time="0.002"/>
  <testcase name="test_grade_by_boundary_value_analysis{int, char}[16]" classname="com.mycompany.app.AppTest" time="0.002"/>
  <testcase name="test_grade_by_boundary_value_analysis{int, char}[17]" classname="com.mycompany.app.AppTest" time="0.001"/>
  <testcase name="test_grade_by_boundary_value_analysis{int, char}[18]" classname="com.mycompany.app.AppTest" time="0.002"/>
  <testcase name="test_grade_by_equivalence_partitioning{int, char}[1]" classname="com.mycompany.app.AppTest" time="0.003"/>
  <testcase name="test_grade_by_equivalence_partitioning{int, char}[2]" classname="com.mycompany.app.AppTest" time="0.001"/>
  <testcase name="test_grade_by_equivalence_partitioning{int, char}[3]" classname="com.mycompany.app.AppTest" time="0.001"/>
  <testcase name="test_grade_by_equivalence_partitioning{int, char}[4]" classname="com.mycompany.app.AppTest" time="0.001"/>
  <testcase name="test_grade_by_equivalence_partitioning{int, char}[5]" classname="com.mycompany.app.AppTest" time="0.001"/>
  <testcase name="test_grade_by_equivalence_partitioning{int, char}[6]" classname="com.mycompany.app.AppTest" time="0.001"/>
  <testcase name="test_grade_by_equivalence_partitioning{int, char}[7]" classname="com.mycompany.app.AppTest" time="0.001"/>
</testsuite>